2022-02-08 09:39:16,736 INFO    MainThread:4323 [internal.py:wandb_internal():89] W&B internal server running at pid: 4323, started at: 2022-02-08 09:39:16.736382
2022-02-08 09:39:16,737 INFO    WriterThread:4323 [datastore.py:open_for_write():77] open: /Users/wangyangwu/Documents/Maastro/NeuralNets/BasicUNet/wandb/run-20220208_093915-284d6gl4/run-284d6gl4.wandb
2022-02-08 09:39:16,737 DEBUG   HandlerThread:4323 [handler.py:handle_request():131] handle_request: check_version
2022-02-08 09:39:16,738 DEBUG   SenderThread:4323 [sender.py:send():235] send: header
2022-02-08 09:39:16,738 DEBUG   SenderThread:4323 [sender.py:send_request():249] send_request: check_version
2022-02-08 09:39:16,995 DEBUG   SenderThread:4323 [sender.py:send():235] send: run
2022-02-08 09:39:17,361 INFO    SenderThread:4323 [dir_watcher.py:__init__():169] watching files in: /Users/wangyangwu/Documents/Maastro/NeuralNets/BasicUNet/wandb/run-20220208_093915-284d6gl4/files
2022-02-08 09:39:17,361 INFO    SenderThread:4323 [sender.py:_start_run_threads():809] run started: 284d6gl4 with start time 1644309555
2022-02-08 09:39:17,362 DEBUG   SenderThread:4323 [sender.py:send():235] send: summary
2022-02-08 09:39:17,362 INFO    SenderThread:4323 [sender.py:_save_file():944] saving file wandb-summary.json with policy end
2022-02-08 09:39:17,366 DEBUG   HandlerThread:4323 [handler.py:handle_request():131] handle_request: run_start
2022-02-08 09:39:17,368 DEBUG   HandlerThread:4323 [meta.py:__init__():36] meta init
2022-02-08 09:39:17,368 DEBUG   HandlerThread:4323 [meta.py:__init__():50] meta init done
2022-02-08 09:39:17,368 DEBUG   HandlerThread:4323 [meta.py:probe():210] probe
2022-02-08 09:39:17,375 DEBUG   HandlerThread:4323 [git.py:repo():33] git repository is invalid
2022-02-08 09:39:17,375 DEBUG   HandlerThread:4323 [meta.py:_save_pip():54] save pip
2022-02-08 09:39:17,377 DEBUG   HandlerThread:4323 [meta.py:_save_pip():68] save pip done
2022-02-08 09:39:17,377 DEBUG   HandlerThread:4323 [meta.py:_save_conda():75] save conda
2022-02-08 09:39:18,367 INFO    Thread-8  :4323 [dir_watcher.py:_on_file_created():217] file/dir created: /Users/wangyangwu/Documents/Maastro/NeuralNets/BasicUNet/wandb/run-20220208_093915-284d6gl4/files/conda-environment.yaml
2022-02-08 09:39:18,367 INFO    Thread-8  :4323 [dir_watcher.py:_on_file_created():217] file/dir created: /Users/wangyangwu/Documents/Maastro/NeuralNets/BasicUNet/wandb/run-20220208_093915-284d6gl4/files/requirements.txt
2022-02-08 09:39:18,368 INFO    Thread-8  :4323 [dir_watcher.py:_on_file_created():217] file/dir created: /Users/wangyangwu/Documents/Maastro/NeuralNets/BasicUNet/wandb/run-20220208_093915-284d6gl4/files/wandb-summary.json
2022-02-08 09:39:18,493 DEBUG   HandlerThread:4323 [meta.py:_save_conda():85] save conda done
2022-02-08 09:39:18,493 DEBUG   HandlerThread:4323 [meta.py:probe():248] probe done
2022-02-08 09:39:18,495 DEBUG   SenderThread:4323 [sender.py:send():235] send: files
2022-02-08 09:39:18,495 INFO    SenderThread:4323 [sender.py:_save_file():944] saving file wandb-metadata.json with policy now
2022-02-08 09:39:18,498 DEBUG   HandlerThread:4323 [handler.py:handle_request():131] handle_request: stop_status
2022-02-08 09:39:18,498 DEBUG   SenderThread:4323 [sender.py:send_request():249] send_request: stop_status
2022-02-08 09:39:19,372 INFO    Thread-8  :4323 [dir_watcher.py:_on_file_modified():230] file/dir modified: /Users/wangyangwu/Documents/Maastro/NeuralNets/BasicUNet/wandb/run-20220208_093915-284d6gl4/files/conda-environment.yaml
2022-02-08 09:39:19,372 INFO    Thread-8  :4323 [dir_watcher.py:_on_file_created():217] file/dir created: /Users/wangyangwu/Documents/Maastro/NeuralNets/BasicUNet/wandb/run-20220208_093915-284d6gl4/files/wandb-metadata.json
2022-02-08 09:39:19,372 INFO    Thread-8  :4323 [dir_watcher.py:_on_file_created():217] file/dir created: /Users/wangyangwu/Documents/Maastro/NeuralNets/BasicUNet/wandb/run-20220208_093915-284d6gl4/files/output.log
2022-02-08 09:39:19,486 INFO    Thread-11 :4323 [upload_job.py:push():137] Uploaded file /var/folders/wb/gdwc4q3s1x3cv4bftb9vssb00000gn/T/tmpdvgn4d64wandb/9garve8f-wandb-metadata.json
2022-02-08 09:39:21,386 INFO    Thread-8  :4323 [dir_watcher.py:_on_file_modified():230] file/dir modified: /Users/wangyangwu/Documents/Maastro/NeuralNets/BasicUNet/wandb/run-20220208_093915-284d6gl4/files/output.log
2022-02-08 09:39:33,966 DEBUG   HandlerThread:4323 [handler.py:handle_request():131] handle_request: stop_status
2022-02-08 09:39:33,968 DEBUG   SenderThread:4323 [sender.py:send_request():249] send_request: stop_status
2022-02-08 09:39:42,110 DEBUG   SenderThread:4323 [sender.py:send():235] send: history
2022-02-08 09:39:42,111 DEBUG   SenderThread:4323 [sender.py:send():235] send: summary
2022-02-08 09:39:42,113 INFO    SenderThread:4323 [sender.py:_save_file():944] saving file wandb-summary.json with policy end
2022-02-08 09:39:42,500 INFO    Thread-8  :4323 [dir_watcher.py:_on_file_modified():230] file/dir modified: /Users/wangyangwu/Documents/Maastro/NeuralNets/BasicUNet/wandb/run-20220208_093915-284d6gl4/files/wandb-summary.json
2022-02-08 09:39:46,736 DEBUG   SenderThread:4323 [sender.py:send():235] send: stats
2022-02-08 09:39:49,325 DEBUG   HandlerThread:4323 [handler.py:handle_request():131] handle_request: stop_status
2022-02-08 09:39:49,326 DEBUG   SenderThread:4323 [sender.py:send_request():249] send_request: stop_status
2022-02-08 09:39:54,238 DEBUG   SenderThread:4323 [sender.py:send():235] send: history
2022-02-08 09:39:54,238 DEBUG   SenderThread:4323 [sender.py:send():235] send: summary
2022-02-08 09:39:54,239 INFO    SenderThread:4323 [sender.py:_save_file():944] saving file wandb-summary.json with policy end
2022-02-08 09:39:54,561 INFO    Thread-8  :4323 [dir_watcher.py:_on_file_modified():230] file/dir modified: /Users/wangyangwu/Documents/Maastro/NeuralNets/BasicUNet/wandb/run-20220208_093915-284d6gl4/files/wandb-summary.json
2022-02-08 09:40:04,661 DEBUG   HandlerThread:4323 [handler.py:handle_request():131] handle_request: stop_status
2022-02-08 09:40:04,662 DEBUG   SenderThread:4323 [sender.py:send_request():249] send_request: stop_status
2022-02-08 09:40:08,625 DEBUG   SenderThread:4323 [sender.py:send():235] send: history
2022-02-08 09:40:08,626 DEBUG   SenderThread:4323 [sender.py:send():235] send: summary
2022-02-08 09:40:08,627 INFO    SenderThread:4323 [sender.py:_save_file():944] saving file wandb-summary.json with policy end
2022-02-08 09:40:08,627 INFO    Thread-8  :4323 [dir_watcher.py:_on_file_modified():230] file/dir modified: /Users/wangyangwu/Documents/Maastro/NeuralNets/BasicUNet/wandb/run-20220208_093915-284d6gl4/files/wandb-summary.json
2022-02-08 09:40:17,292 DEBUG   SenderThread:4323 [sender.py:send():235] send: history
2022-02-08 09:40:17,293 DEBUG   SenderThread:4323 [sender.py:send():235] send: summary
2022-02-08 09:40:17,294 INFO    SenderThread:4323 [sender.py:_save_file():944] saving file wandb-summary.json with policy end
2022-02-08 09:40:17,324 DEBUG   SenderThread:4323 [sender.py:send():235] send: history
2022-02-08 09:40:17,324 DEBUG   SenderThread:4323 [sender.py:send():235] send: summary
2022-02-08 09:40:17,325 INFO    SenderThread:4323 [sender.py:_save_file():944] saving file wandb-summary.json with policy end
2022-02-08 09:40:17,587 DEBUG   SenderThread:4323 [sender.py:send():235] send: telemetry
2022-02-08 09:40:17,591 DEBUG   HandlerThread:4323 [handler.py:handle_request():131] handle_request: poll_exit
2022-02-08 09:40:17,592 DEBUG   SenderThread:4323 [sender.py:send():235] send: exit
2022-02-08 09:40:17,593 INFO    SenderThread:4323 [sender.py:send_exit():371] handling exit code: 0
2022-02-08 09:40:17,598 INFO    SenderThread:4323 [sender.py:send_exit():373] handling runtime: 60
2022-02-08 09:40:17,599 INFO    SenderThread:4323 [sender.py:_save_file():944] saving file wandb-summary.json with policy end
2022-02-08 09:40:17,599 INFO    SenderThread:4323 [sender.py:send_exit():379] send defer
2022-02-08 09:40:17,600 DEBUG   SenderThread:4323 [sender.py:send_request():249] send_request: poll_exit
2022-02-08 09:40:17,603 DEBUG   HandlerThread:4323 [handler.py:handle_request():131] handle_request: defer
2022-02-08 09:40:17,603 INFO    HandlerThread:4323 [handler.py:handle_request_defer():154] handle defer: 0
2022-02-08 09:40:17,603 DEBUG   SenderThread:4323 [sender.py:send_request():249] send_request: defer
2022-02-08 09:40:17,603 INFO    SenderThread:4323 [sender.py:send_request_defer():388] handle sender defer: 0
2022-02-08 09:40:17,604 INFO    SenderThread:4323 [sender.py:transition_state():392] send defer: 1
2022-02-08 09:40:17,604 DEBUG   HandlerThread:4323 [handler.py:handle_request():131] handle_request: defer
2022-02-08 09:40:17,604 INFO    HandlerThread:4323 [handler.py:handle_request_defer():154] handle defer: 1
2022-02-08 09:40:17,617 DEBUG   SenderThread:4323 [sender.py:send_request():249] send_request: defer
2022-02-08 09:40:17,617 INFO    SenderThread:4323 [sender.py:send_request_defer():388] handle sender defer: 1
2022-02-08 09:40:17,618 INFO    SenderThread:4323 [sender.py:transition_state():392] send defer: 2
2022-02-08 09:40:17,618 DEBUG   SenderThread:4323 [sender.py:send():235] send: stats
2022-02-08 09:40:17,618 DEBUG   HandlerThread:4323 [handler.py:handle_request():131] handle_request: defer
2022-02-08 09:40:17,618 INFO    HandlerThread:4323 [handler.py:handle_request_defer():154] handle defer: 2
2022-02-08 09:40:17,619 DEBUG   SenderThread:4323 [sender.py:send_request():249] send_request: defer
2022-02-08 09:40:17,619 INFO    SenderThread:4323 [sender.py:send_request_defer():388] handle sender defer: 2
2022-02-08 09:40:17,619 INFO    SenderThread:4323 [sender.py:transition_state():392] send defer: 3
2022-02-08 09:40:17,619 DEBUG   HandlerThread:4323 [handler.py:handle_request():131] handle_request: defer
2022-02-08 09:40:17,620 INFO    HandlerThread:4323 [handler.py:handle_request_defer():154] handle defer: 3
2022-02-08 09:40:17,620 DEBUG   SenderThread:4323 [sender.py:send():235] send: summary
2022-02-08 09:40:17,621 INFO    SenderThread:4323 [sender.py:_save_file():944] saving file wandb-summary.json with policy end
2022-02-08 09:40:17,621 DEBUG   SenderThread:4323 [sender.py:send_request():249] send_request: defer
2022-02-08 09:40:17,621 INFO    SenderThread:4323 [sender.py:send_request_defer():388] handle sender defer: 3
2022-02-08 09:40:17,621 INFO    SenderThread:4323 [sender.py:transition_state():392] send defer: 4
2022-02-08 09:40:17,621 DEBUG   HandlerThread:4323 [handler.py:handle_request():131] handle_request: defer
2022-02-08 09:40:17,621 INFO    HandlerThread:4323 [handler.py:handle_request_defer():154] handle defer: 4
2022-02-08 09:40:17,621 DEBUG   SenderThread:4323 [sender.py:send_request():249] send_request: defer
2022-02-08 09:40:17,621 INFO    SenderThread:4323 [sender.py:send_request_defer():388] handle sender defer: 4
2022-02-08 09:40:17,675 INFO    Thread-8  :4323 [dir_watcher.py:_on_file_modified():230] file/dir modified: /Users/wangyangwu/Documents/Maastro/NeuralNets/BasicUNet/wandb/run-20220208_093915-284d6gl4/files/wandb-summary.json
2022-02-08 09:40:17,676 INFO    Thread-8  :4323 [dir_watcher.py:_on_file_modified():230] file/dir modified: /Users/wangyangwu/Documents/Maastro/NeuralNets/BasicUNet/wandb/run-20220208_093915-284d6gl4/files/output.log
2022-02-08 09:40:17,714 DEBUG   HandlerThread:4323 [handler.py:handle_request():131] handle_request: poll_exit
2022-02-08 09:40:22,860 DEBUG   HandlerThread:4323 [handler.py:handle_request():131] handle_request: poll_exit
2022-02-08 09:40:27,970 DEBUG   HandlerThread:4323 [handler.py:handle_request():131] handle_request: poll_exit
2022-02-08 09:40:33,081 DEBUG   HandlerThread:4323 [handler.py:handle_request():131] handle_request: poll_exit
2022-02-08 09:40:38,185 DEBUG   HandlerThread:4323 [handler.py:handle_request():131] handle_request: poll_exit
2022-02-08 09:40:43,297 DEBUG   HandlerThread:4323 [handler.py:handle_request():131] handle_request: poll_exit
2022-02-08 09:40:48,408 DEBUG   HandlerThread:4323 [handler.py:handle_request():131] handle_request: poll_exit
2022-02-08 09:40:51,725 ERROR   SenderThread:4323 [retry.py:__call__():126] Retry attempt failed:
Traceback (most recent call last):
  File "/Users/wangyangwu/miniforge3/envs/maastro/lib/python3.9/site-packages/urllib3/connectionpool.py", line 449, in _make_request
    six.raise_from(e, None)
  File "<string>", line 3, in raise_from
  File "/Users/wangyangwu/miniforge3/envs/maastro/lib/python3.9/site-packages/urllib3/connectionpool.py", line 444, in _make_request
    httplib_response = conn.getresponse()
  File "/Users/wangyangwu/miniforge3/envs/maastro/lib/python3.9/http/client.py", line 1371, in getresponse
    response.begin()
  File "/Users/wangyangwu/miniforge3/envs/maastro/lib/python3.9/http/client.py", line 319, in begin
    version, status, reason = self._read_status()
  File "/Users/wangyangwu/miniforge3/envs/maastro/lib/python3.9/http/client.py", line 280, in _read_status
    line = str(self.fp.readline(_MAXLINE + 1), "iso-8859-1")
  File "/Users/wangyangwu/miniforge3/envs/maastro/lib/python3.9/socket.py", line 704, in readinto
    return self._sock.recv_into(b)
  File "/Users/wangyangwu/miniforge3/envs/maastro/lib/python3.9/ssl.py", line 1241, in recv_into
    return self.read(nbytes, buffer)
  File "/Users/wangyangwu/miniforge3/envs/maastro/lib/python3.9/ssl.py", line 1099, in read
    return self._sslobj.read(len, buffer)
socket.timeout: The read operation timed out

During handling of the above exception, another exception occurred:

Traceback (most recent call last):
  File "/Users/wangyangwu/miniforge3/envs/maastro/lib/python3.9/site-packages/requests/adapters.py", line 440, in send
    resp = conn.urlopen(
  File "/Users/wangyangwu/miniforge3/envs/maastro/lib/python3.9/site-packages/urllib3/connectionpool.py", line 785, in urlopen
    retries = retries.increment(
  File "/Users/wangyangwu/miniforge3/envs/maastro/lib/python3.9/site-packages/urllib3/util/retry.py", line 550, in increment
    raise six.reraise(type(error), error, _stacktrace)
  File "/Users/wangyangwu/miniforge3/envs/maastro/lib/python3.9/site-packages/urllib3/packages/six.py", line 770, in reraise
    raise value
  File "/Users/wangyangwu/miniforge3/envs/maastro/lib/python3.9/site-packages/urllib3/connectionpool.py", line 703, in urlopen
    httplib_response = self._make_request(
  File "/Users/wangyangwu/miniforge3/envs/maastro/lib/python3.9/site-packages/urllib3/connectionpool.py", line 451, in _make_request
    self._raise_timeout(err=e, url=url, timeout_value=read_timeout)
  File "/Users/wangyangwu/miniforge3/envs/maastro/lib/python3.9/site-packages/urllib3/connectionpool.py", line 340, in _raise_timeout
    raise ReadTimeoutError(
urllib3.exceptions.ReadTimeoutError: HTTPSConnectionPool(host='api.wandb.ai', port=443): Read timed out. (read timeout=10)

During handling of the above exception, another exception occurred:

Traceback (most recent call last):
  File "/Users/wangyangwu/miniforge3/envs/maastro/lib/python3.9/site-packages/wandb/sdk/lib/retry.py", line 102, in __call__
    result = self._call_fn(*args, **kwargs)
  File "/Users/wangyangwu/miniforge3/envs/maastro/lib/python3.9/site-packages/wandb/sdk/internal/internal_api.py", line 140, in execute
    return self.client.execute(*args, **kwargs)
  File "/Users/wangyangwu/miniforge3/envs/maastro/lib/python3.9/site-packages/wandb/vendor/gql-0.2.0/gql/client.py", line 52, in execute
    result = self._get_result(document, *args, **kwargs)
  File "/Users/wangyangwu/miniforge3/envs/maastro/lib/python3.9/site-packages/wandb/vendor/gql-0.2.0/gql/client.py", line 60, in _get_result
    return self.transport.execute(document, *args, **kwargs)
  File "/Users/wangyangwu/miniforge3/envs/maastro/lib/python3.9/site-packages/wandb/vendor/gql-0.2.0/gql/transport/requests.py", line 38, in execute
    request = requests.post(self.url, **post_args)
  File "/Users/wangyangwu/miniforge3/envs/maastro/lib/python3.9/site-packages/requests/api.py", line 117, in post
    return request('post', url, data=data, json=json, **kwargs)
  File "/Users/wangyangwu/miniforge3/envs/maastro/lib/python3.9/site-packages/requests/api.py", line 61, in request
    return session.request(method=method, url=url, **kwargs)
  File "/Users/wangyangwu/miniforge3/envs/maastro/lib/python3.9/site-packages/requests/sessions.py", line 529, in request
    resp = self.send(prep, **send_kwargs)
  File "/Users/wangyangwu/miniforge3/envs/maastro/lib/python3.9/site-packages/requests/sessions.py", line 645, in send
    r = adapter.send(request, **kwargs)
  File "/Users/wangyangwu/miniforge3/envs/maastro/lib/python3.9/site-packages/requests/adapters.py", line 532, in send
    raise ReadTimeout(e, request=request)
requests.exceptions.ReadTimeout: HTTPSConnectionPool(host='api.wandb.ai', port=443): Read timed out. (read timeout=10)
2022-02-08 09:40:53,511 DEBUG   HandlerThread:4323 [handler.py:handle_request():131] handle_request: poll_exit
2022-02-08 09:40:58,623 DEBUG   HandlerThread:4323 [handler.py:handle_request():131] handle_request: poll_exit
2022-02-08 09:40:59,338 INFO    SenderThread:4323 [sender.py:transition_state():392] send defer: 5
2022-02-08 09:40:59,339 DEBUG   SenderThread:4323 [sender.py:send_request():249] send_request: poll_exit
2022-02-08 09:40:59,339 DEBUG   SenderThread:4323 [sender.py:send_request():249] send_request: poll_exit
2022-02-08 09:40:59,340 DEBUG   HandlerThread:4323 [handler.py:handle_request():131] handle_request: defer
2022-02-08 09:40:59,340 DEBUG   SenderThread:4323 [sender.py:send_request():249] send_request: poll_exit
2022-02-08 09:40:59,340 INFO    HandlerThread:4323 [handler.py:handle_request_defer():154] handle defer: 5
2022-02-08 09:40:59,340 DEBUG   SenderThread:4323 [sender.py:send_request():249] send_request: poll_exit
2022-02-08 09:40:59,341 DEBUG   SenderThread:4323 [sender.py:send_request():249] send_request: poll_exit
2022-02-08 09:40:59,341 DEBUG   SenderThread:4323 [sender.py:send_request():249] send_request: poll_exit
2022-02-08 09:40:59,341 DEBUG   SenderThread:4323 [sender.py:send_request():249] send_request: poll_exit
2022-02-08 09:40:59,342 DEBUG   SenderThread:4323 [sender.py:send_request():249] send_request: poll_exit
2022-02-08 09:40:59,342 DEBUG   SenderThread:4323 [sender.py:send_request():249] send_request: poll_exit
2022-02-08 09:40:59,342 DEBUG   SenderThread:4323 [sender.py:send_request():249] send_request: defer
2022-02-08 09:40:59,343 INFO    SenderThread:4323 [sender.py:send_request_defer():388] handle sender defer: 5
2022-02-08 09:40:59,343 INFO    SenderThread:4323 [dir_watcher.py:finish():283] shutting down directory watcher
2022-02-08 09:40:59,450 DEBUG   HandlerThread:4323 [handler.py:handle_request():131] handle_request: poll_exit
2022-02-08 09:40:59,855 INFO    SenderThread:4323 [dir_watcher.py:_on_file_modified():230] file/dir modified: /Users/wangyangwu/Documents/Maastro/NeuralNets/BasicUNet/wandb/run-20220208_093915-284d6gl4/files/config.yaml
2022-02-08 09:40:59,856 INFO    SenderThread:4323 [dir_watcher.py:finish():313] scan: /Users/wangyangwu/Documents/Maastro/NeuralNets/BasicUNet/wandb/run-20220208_093915-284d6gl4/files
2022-02-08 09:40:59,856 INFO    SenderThread:4323 [dir_watcher.py:finish():327] scan save: /Users/wangyangwu/Documents/Maastro/NeuralNets/BasicUNet/wandb/run-20220208_093915-284d6gl4/files/requirements.txt requirements.txt
2022-02-08 09:40:59,856 INFO    SenderThread:4323 [dir_watcher.py:finish():327] scan save: /Users/wangyangwu/Documents/Maastro/NeuralNets/BasicUNet/wandb/run-20220208_093915-284d6gl4/files/output.log output.log
2022-02-08 09:40:59,865 INFO    SenderThread:4323 [dir_watcher.py:finish():327] scan save: /Users/wangyangwu/Documents/Maastro/NeuralNets/BasicUNet/wandb/run-20220208_093915-284d6gl4/files/config.yaml config.yaml
2022-02-08 09:40:59,870 INFO    SenderThread:4323 [dir_watcher.py:finish():327] scan save: /Users/wangyangwu/Documents/Maastro/NeuralNets/BasicUNet/wandb/run-20220208_093915-284d6gl4/files/wandb-summary.json wandb-summary.json
2022-02-08 09:40:59,871 INFO    SenderThread:4323 [dir_watcher.py:finish():327] scan save: /Users/wangyangwu/Documents/Maastro/NeuralNets/BasicUNet/wandb/run-20220208_093915-284d6gl4/files/conda-environment.yaml conda-environment.yaml
2022-02-08 09:40:59,881 INFO    SenderThread:4323 [dir_watcher.py:finish():327] scan save: /Users/wangyangwu/Documents/Maastro/NeuralNets/BasicUNet/wandb/run-20220208_093915-284d6gl4/files/wandb-metadata.json wandb-metadata.json
2022-02-08 09:40:59,881 INFO    SenderThread:4323 [sender.py:transition_state():392] send defer: 6
2022-02-08 09:40:59,882 DEBUG   SenderThread:4323 [sender.py:send_request():249] send_request: poll_exit
2022-02-08 09:40:59,887 DEBUG   HandlerThread:4323 [handler.py:handle_request():131] handle_request: defer
2022-02-08 09:40:59,887 INFO    HandlerThread:4323 [handler.py:handle_request_defer():154] handle defer: 6
2022-02-08 09:40:59,888 DEBUG   SenderThread:4323 [sender.py:send_request():249] send_request: defer
2022-02-08 09:40:59,889 INFO    SenderThread:4323 [sender.py:send_request_defer():388] handle sender defer: 6
2022-02-08 09:40:59,889 INFO    SenderThread:4323 [file_pusher.py:finish():177] shutting down file pusher
2022-02-08 09:40:59,994 DEBUG   HandlerThread:4323 [handler.py:handle_request():131] handle_request: poll_exit
2022-02-08 09:40:59,995 DEBUG   SenderThread:4323 [sender.py:send_request():249] send_request: poll_exit
2022-02-08 09:41:00,101 DEBUG   HandlerThread:4323 [handler.py:handle_request():131] handle_request: poll_exit
2022-02-08 09:41:00,101 DEBUG   SenderThread:4323 [sender.py:send_request():249] send_request: poll_exit
2022-02-08 09:41:00,207 DEBUG   HandlerThread:4323 [handler.py:handle_request():131] handle_request: poll_exit
2022-02-08 09:41:00,207 DEBUG   SenderThread:4323 [sender.py:send_request():249] send_request: poll_exit
2022-02-08 09:41:00,313 DEBUG   HandlerThread:4323 [handler.py:handle_request():131] handle_request: poll_exit
2022-02-08 09:41:00,313 DEBUG   SenderThread:4323 [sender.py:send_request():249] send_request: poll_exit
2022-02-08 09:41:00,419 DEBUG   HandlerThread:4323 [handler.py:handle_request():131] handle_request: poll_exit
2022-02-08 09:41:00,419 DEBUG   SenderThread:4323 [sender.py:send_request():249] send_request: poll_exit
2022-02-08 09:41:00,525 DEBUG   HandlerThread:4323 [handler.py:handle_request():131] handle_request: poll_exit
2022-02-08 09:41:00,526 DEBUG   SenderThread:4323 [sender.py:send_request():249] send_request: poll_exit
2022-02-08 09:41:00,631 DEBUG   HandlerThread:4323 [handler.py:handle_request():131] handle_request: poll_exit
2022-02-08 09:41:00,632 DEBUG   SenderThread:4323 [sender.py:send_request():249] send_request: poll_exit
2022-02-08 09:41:00,739 DEBUG   HandlerThread:4323 [handler.py:handle_request():131] handle_request: poll_exit
2022-02-08 09:41:00,739 DEBUG   SenderThread:4323 [sender.py:send_request():249] send_request: poll_exit
2022-02-08 09:41:00,846 DEBUG   HandlerThread:4323 [handler.py:handle_request():131] handle_request: poll_exit
2022-02-08 09:41:00,846 DEBUG   SenderThread:4323 [sender.py:send_request():249] send_request: poll_exit
2022-02-08 09:41:00,947 DEBUG   HandlerThread:4323 [handler.py:handle_request():131] handle_request: poll_exit
2022-02-08 09:41:00,947 DEBUG   SenderThread:4323 [sender.py:send_request():249] send_request: poll_exit
2022-02-08 09:41:01,053 DEBUG   HandlerThread:4323 [handler.py:handle_request():131] handle_request: poll_exit
2022-02-08 09:41:01,053 DEBUG   SenderThread:4323 [sender.py:send_request():249] send_request: poll_exit
2022-02-08 09:41:01,159 DEBUG   HandlerThread:4323 [handler.py:handle_request():131] handle_request: poll_exit
2022-02-08 09:41:01,159 DEBUG   SenderThread:4323 [sender.py:send_request():249] send_request: poll_exit
2022-02-08 09:41:01,265 DEBUG   HandlerThread:4323 [handler.py:handle_request():131] handle_request: poll_exit
2022-02-08 09:41:01,265 DEBUG   SenderThread:4323 [sender.py:send_request():249] send_request: poll_exit
2022-02-08 09:41:01,373 DEBUG   HandlerThread:4323 [handler.py:handle_request():131] handle_request: poll_exit
2022-02-08 09:41:01,373 DEBUG   SenderThread:4323 [sender.py:send_request():249] send_request: poll_exit
2022-02-08 09:41:01,394 INFO    Thread-13 :4323 [upload_job.py:push():137] Uploaded file /Users/wangyangwu/Documents/Maastro/NeuralNets/BasicUNet/wandb/run-20220208_093915-284d6gl4/files/output.log
2022-02-08 09:41:01,408 INFO    Thread-16 :4323 [upload_job.py:push():137] Uploaded file /Users/wangyangwu/Documents/Maastro/NeuralNets/BasicUNet/wandb/run-20220208_093915-284d6gl4/files/conda-environment.yaml
2022-02-08 09:41:01,410 INFO    Thread-12 :4323 [upload_job.py:push():137] Uploaded file /Users/wangyangwu/Documents/Maastro/NeuralNets/BasicUNet/wandb/run-20220208_093915-284d6gl4/files/requirements.txt
2022-02-08 09:41:01,450 INFO    Thread-15 :4323 [upload_job.py:push():137] Uploaded file /Users/wangyangwu/Documents/Maastro/NeuralNets/BasicUNet/wandb/run-20220208_093915-284d6gl4/files/wandb-summary.json
2022-02-08 09:41:01,478 DEBUG   HandlerThread:4323 [handler.py:handle_request():131] handle_request: poll_exit
2022-02-08 09:41:01,479 DEBUG   SenderThread:4323 [sender.py:send_request():249] send_request: poll_exit
2022-02-08 09:41:01,585 DEBUG   HandlerThread:4323 [handler.py:handle_request():131] handle_request: poll_exit
2022-02-08 09:41:01,586 DEBUG   SenderThread:4323 [sender.py:send_request():249] send_request: poll_exit
2022-02-08 09:41:01,638 INFO    Thread-14 :4323 [upload_job.py:push():137] Uploaded file /Users/wangyangwu/Documents/Maastro/NeuralNets/BasicUNet/wandb/run-20220208_093915-284d6gl4/files/config.yaml
2022-02-08 09:41:01,692 DEBUG   HandlerThread:4323 [handler.py:handle_request():131] handle_request: poll_exit
2022-02-08 09:41:01,693 DEBUG   SenderThread:4323 [sender.py:send_request():249] send_request: poll_exit
2022-02-08 09:41:01,796 DEBUG   HandlerThread:4323 [handler.py:handle_request():131] handle_request: poll_exit
2022-02-08 09:41:01,796 DEBUG   SenderThread:4323 [sender.py:send_request():249] send_request: poll_exit
2022-02-08 09:41:01,844 INFO    Thread-7  :4323 [sender.py:transition_state():392] send defer: 7
2022-02-08 09:41:01,845 DEBUG   HandlerThread:4323 [handler.py:handle_request():131] handle_request: defer
2022-02-08 09:41:01,845 INFO    HandlerThread:4323 [handler.py:handle_request_defer():154] handle defer: 7
2022-02-08 09:41:01,845 DEBUG   SenderThread:4323 [sender.py:send_request():249] send_request: defer
2022-02-08 09:41:01,845 INFO    SenderThread:4323 [sender.py:send_request_defer():388] handle sender defer: 7
2022-02-08 09:41:01,904 DEBUG   HandlerThread:4323 [handler.py:handle_request():131] handle_request: poll_exit
2022-02-08 09:41:02,100 INFO    SenderThread:4323 [sender.py:transition_state():392] send defer: 8
2022-02-08 09:41:02,101 DEBUG   SenderThread:4323 [sender.py:send_request():249] send_request: poll_exit
2022-02-08 09:41:02,101 DEBUG   HandlerThread:4323 [handler.py:handle_request():131] handle_request: defer
2022-02-08 09:41:02,102 INFO    HandlerThread:4323 [handler.py:handle_request_defer():154] handle defer: 8
2022-02-08 09:41:02,102 DEBUG   SenderThread:4323 [sender.py:send_request():249] send_request: defer
2022-02-08 09:41:02,102 INFO    SenderThread:4323 [sender.py:send_request_defer():388] handle sender defer: 8
2022-02-08 09:41:02,102 INFO    SenderThread:4323 [sender.py:transition_state():392] send defer: 9
2022-02-08 09:41:02,103 DEBUG   SenderThread:4323 [sender.py:send():235] send: final
2022-02-08 09:41:02,103 DEBUG   HandlerThread:4323 [handler.py:handle_request():131] handle_request: defer
2022-02-08 09:41:02,103 DEBUG   SenderThread:4323 [sender.py:send():235] send: footer
2022-02-08 09:41:02,103 INFO    HandlerThread:4323 [handler.py:handle_request_defer():154] handle defer: 9
2022-02-08 09:41:02,104 DEBUG   SenderThread:4323 [sender.py:send_request():249] send_request: defer
2022-02-08 09:41:02,104 INFO    SenderThread:4323 [sender.py:send_request_defer():388] handle sender defer: 9
2022-02-08 09:41:02,205 DEBUG   HandlerThread:4323 [handler.py:handle_request():131] handle_request: poll_exit
2022-02-08 09:41:02,205 DEBUG   SenderThread:4323 [sender.py:send_request():249] send_request: poll_exit
2022-02-08 09:41:02,206 INFO    SenderThread:4323 [file_pusher.py:join():182] waiting for file pusher
2022-02-08 09:41:02,918 DEBUG   HandlerThread:4323 [handler.py:handle_request():131] handle_request: get_summary
2022-02-08 09:41:02,921 DEBUG   HandlerThread:4323 [handler.py:handle_request():131] handle_request: sampled_history
2022-02-08 09:41:02,926 DEBUG   HandlerThread:4323 [handler.py:handle_request():131] handle_request: shutdown
2022-02-08 09:41:02,926 INFO    HandlerThread:4323 [handler.py:finish():739] shutting down handler
2022-02-08 09:41:03,105 INFO    WriterThread:4323 [datastore.py:close():281] close: /Users/wangyangwu/Documents/Maastro/NeuralNets/BasicUNet/wandb/run-20220208_093915-284d6gl4/run-284d6gl4.wandb
2022-02-08 09:41:03,917 INFO    SenderThread:4323 [sender.py:finish():1075] shutting down sender
2022-02-08 09:41:03,917 INFO    SenderThread:4323 [file_pusher.py:finish():177] shutting down file pusher
2022-02-08 09:41:03,917 INFO    SenderThread:4323 [file_pusher.py:join():182] waiting for file pusher
2022-02-08 09:41:03,921 INFO    MainThread:4323 [internal.py:handle_exit():79] Internal process exited
